[2025-01-06 13:25:47] REQUEST_URI: /proxy.php
[2025-01-06 13:25:47] REQUEST_METHOD: GET
[2025-01-06 13:25:47] QUERY_STRING: 
[2025-01-06 13:25:47] HTTP_HOST: taskmasterjs.localhost
[2025-01-06 13:25:47] Error: No target URL specified
[2025-01-06 13:26:13] REQUEST_URI: /proxy.php
[2025-01-06 13:26:13] REQUEST_METHOD: GET
[2025-01-06 13:26:13] QUERY_STRING: 
[2025-01-06 13:26:13] HTTP_HOST: taskmasterjs.localhost
[2025-01-06 13:26:13] Error: No target URL specified
[2025-01-06 13:26:14] REQUEST_URI: /proxy.php
[2025-01-06 13:26:14] REQUEST_METHOD: GET
[2025-01-06 13:26:14] QUERY_STRING: 
[2025-01-06 13:26:14] HTTP_HOST: taskmasterjs.localhost
[2025-01-06 13:26:14] Error: No target URL specified
[2025-01-06 13:26:14] REQUEST_URI: /proxy.php
[2025-01-06 13:26:14] REQUEST_METHOD: GET
[2025-01-06 13:26:14] QUERY_STRING: 
[2025-01-06 13:26:14] HTTP_HOST: taskmasterjs.localhost
[2025-01-06 13:26:14] Error: No target URL specified
[2025-01-06 13:26:14] REQUEST_URI: /proxy.php
[2025-01-06 13:26:14] REQUEST_METHOD: GET
[2025-01-06 13:26:14] QUERY_STRING: 
[2025-01-06 13:26:14] HTTP_HOST: taskmasterjs.localhost
[2025-01-06 13:26:14] Error: No target URL specified
